[GIN-debug] [WARNING] Creating an Engine instance with the Logger and Recovery middleware already attached.

[GIN-debug] [WARNING] Running in "debug" mode. Switch to "release" mode in production.
 - using env:	export GIN_MODE=release
 - using code:	gin.SetMode(gin.ReleaseMode)

[GIN-debug] GET    /                         --> eg_back/routes.PingPong (4 handlers)
[GIN-debug] [WARNING] You trusted all proxies, this is NOT safe. We recommend you to set a value.
Please check https://pkg.go.dev/github.com/gin-gonic/gin#readme-don-t-trust-all-proxies for details.
[GIN-debug] Listening and serving HTTP on :1111
[GIN-debug] [WARNING] Creating an Engine instance with the Logger and Recovery middleware already attached.

[GIN-debug] [WARNING] Running in "debug" mode. Switch to "release" mode in production.
 - using env:	export GIN_MODE=release
 - using code:	gin.SetMode(gin.ReleaseMode)

[GIN-debug] GET    /                         --> eg_back/routes.PingPong (4 handlers)
[GIN-debug] GET    /enterprise               --> eg_back/pkg/controller.GetAllEnterprises (4 handlers)
[GIN-debug] [WARNING] You trusted all proxies, this is NOT safe. We recommend you to set a value.
Please check https://pkg.go.dev/github.com/gin-gonic/gin#readme-don-t-trust-all-proxies for details.
[GIN-debug] Listening and serving HTTP on :1111
[GIN] 2023/07/05 - 14:54:39 | 200 |     808.263µs |             ::1 | GET      "/enterprise"
[GIN] 2023/07/05 - 14:54:39 | 200 |       57.26µs |             ::1 | GET      "/enterprise"
[GIN-debug] [WARNING] Creating an Engine instance with the Logger and Recovery middleware already attached.

[GIN-debug] [WARNING] Running in "debug" mode. Switch to "release" mode in production.
 - using env:	export GIN_MODE=release
 - using code:	gin.SetMode(gin.ReleaseMode)

[GIN-debug] GET    /                         --> eg_back/routes.PingPong (5 handlers)
[GIN-debug] GET    /enterprise               --> eg_back/pkg/controller.GetAllEnterprises (5 handlers)
[GIN-debug] [WARNING] You trusted all proxies, this is NOT safe. We recommend you to set a value.
Please check https://pkg.go.dev/github.com/gin-gonic/gin#readme-don-t-trust-all-proxies for details.
[GIN-debug] Listening and serving HTTP on :1111
[GIN] 2023/07/05 - 14:58:41 | 200 |     675.886µs |             ::1 | GET      "/enterprise"
[GIN] 2023/07/05 - 15:58:53 | 200 |     124.699µs |             ::1 | GET      "/enterprise"
[GIN] 2023/07/06 - 14:31:31 | 200 |   13.224916ms |             ::1 | GET      "/enterprise"
[GIN] 2023/07/06 - 14:31:44 | 200 |      23.793µs |             ::1 | GET      "/enterprise"
[GIN] 2023/07/06 - 16:19:11 | 200 |   11.871344ms |             ::1 | GET      "/enterprise"
[GIN-debug] [WARNING] Creating an Engine instance with the Logger and Recovery middleware already attached.

[GIN-debug] [WARNING] Running in "debug" mode. Switch to "release" mode in production.
 - using env:	export GIN_MODE=release
 - using code:	gin.SetMode(gin.ReleaseMode)

[GIN-debug] [WARNING] Creating an Engine instance with the Logger and Recovery middleware already attached.

[GIN-debug] [WARNING] Running in "debug" mode. Switch to "release" mode in production.
 - using env:	export GIN_MODE=release
 - using code:	gin.SetMode(gin.ReleaseMode)

[GIN-debug] GET    /                         --> eg_back/routes.PingPong (5 handlers)
[GIN-debug] GET    /enterprise               --> eg_back/pkg/controller.GetAllEnterprises (5 handlers)
[GIN-debug] [WARNING] You trusted all proxies, this is NOT safe. We recommend you to set a value.
Please check https://pkg.go.dev/github.com/gin-gonic/gin#readme-don-t-trust-all-proxies for details.
[GIN-debug] Listening and serving HTTP on :1111
[GIN-debug] [WARNING] Creating an Engine instance with the Logger and Recovery middleware already attached.

[GIN-debug] [WARNING] Running in "debug" mode. Switch to "release" mode in production.
 - using env:	export GIN_MODE=release
 - using code:	gin.SetMode(gin.ReleaseMode)

[GIN-debug] GET    /                         --> eg_back/routes.PingPong (5 handlers)
[GIN-debug] GET    /enterprise               --> eg_back/pkg/controller.GetAllEnterprises (5 handlers)
[GIN-debug] [WARNING] You trusted all proxies, this is NOT safe. We recommend you to set a value.
Please check https://pkg.go.dev/github.com/gin-gonic/gin#readme-don-t-trust-all-proxies for details.
[GIN-debug] Listening and serving HTTP on :1111
[GIN] 2023/07/31 - 09:45:41 | 404 |       3.045µs |             ::1 | GET      "/enterprises"
[GIN] 2023/07/31 - 09:50:31 | 404 |       2.389µs |             ::1 | GET      "/enterprises"
[GIN-debug] [WARNING] Creating an Engine instance with the Logger and Recovery middleware already attached.

[GIN-debug] [WARNING] Running in "debug" mode. Switch to "release" mode in production.
 - using env:	export GIN_MODE=release
 - using code:	gin.SetMode(gin.ReleaseMode)

[GIN-debug] GET    /                         --> eg_back/routes.PingPong (5 handlers)
[GIN-debug] GET    /enterprises              --> eg_back/pkg/controller.GetAllEnterprises (5 handlers)
[GIN-debug] [WARNING] You trusted all proxies, this is NOT safe. We recommend you to set a value.
Please check https://pkg.go.dev/github.com/gin-gonic/gin#readme-don-t-trust-all-proxies for details.
[GIN-debug] Listening and serving HTTP on :1111
[GIN] 2023/07/31 - 09:50:45 | 500 |   13.941054ms |             ::1 | GET      "/enterprises"
[GIN-debug] [WARNING] Creating an Engine instance with the Logger and Recovery middleware already attached.

[GIN-debug] [WARNING] Running in "debug" mode. Switch to "release" mode in production.
 - using env:	export GIN_MODE=release
 - using code:	gin.SetMode(gin.ReleaseMode)

[GIN-debug] GET    /                         --> eg_back/routes.PingPong (5 handlers)
[GIN-debug] GET    /enterprises              --> eg_back/pkg/controller.GetAllEnterprises (5 handlers)
[GIN-debug] [WARNING] You trusted all proxies, this is NOT safe. We recommend you to set a value.
Please check https://pkg.go.dev/github.com/gin-gonic/gin#readme-don-t-trust-all-proxies for details.
[GIN-debug] Listening and serving HTTP on :1111
[GIN] 2023/07/31 - 09:51:37 | 500 |  174.879964ms |             ::1 | GET      "/enterprises"
[GIN-debug] [WARNING] Creating an Engine instance with the Logger and Recovery middleware already attached.

[GIN-debug] [WARNING] Running in "debug" mode. Switch to "release" mode in production.
 - using env:	export GIN_MODE=release
 - using code:	gin.SetMode(gin.ReleaseMode)

[GIN-debug] GET    /                         --> eg_back/routes.PingPong (5 handlers)
[GIN-debug] GET    /enterprises              --> eg_back/pkg/controller.GetAllEnterprises (5 handlers)
[GIN-debug] [WARNING] You trusted all proxies, this is NOT safe. We recommend you to set a value.
Please check https://pkg.go.dev/github.com/gin-gonic/gin#readme-don-t-trust-all-proxies for details.
[GIN-debug] Listening and serving HTTP on :1111
[GIN] 2023/07/31 - 09:52:20 | 500 |    1.959391ms |             ::1 | GET      "/enterprises"
[GIN-debug] [WARNING] Creating an Engine instance with the Logger and Recovery middleware already attached.

[GIN-debug] [WARNING] Running in "debug" mode. Switch to "release" mode in production.
 - using env:	export GIN_MODE=release
 - using code:	gin.SetMode(gin.ReleaseMode)

[GIN-debug] GET    /                         --> eg_back/routes.PingPong (5 handlers)
[GIN-debug] GET    /enterprises              --> eg_back/pkg/controller.GetAllEnterprises (5 handlers)
[GIN-debug] [WARNING] You trusted all proxies, this is NOT safe. We recommend you to set a value.
Please check https://pkg.go.dev/github.com/gin-gonic/gin#readme-don-t-trust-all-proxies for details.
[GIN-debug] Listening and serving HTTP on :1111
[GIN] 2023/07/31 - 09:54:06 | 200 |   245.81425ms |             ::1 | GET      "/enterprises"
[GIN-debug] [WARNING] Creating an Engine instance with the Logger and Recovery middleware already attached.

[GIN-debug] [WARNING] Running in "debug" mode. Switch to "release" mode in production.
 - using env:	export GIN_MODE=release
 - using code:	gin.SetMode(gin.ReleaseMode)

[GIN-debug] GET    /                         --> eg_back/routes.PingPong (5 handlers)
[GIN-debug] GET    /enterprises              --> eg_back/pkg/controller.GetAllEnterprises (5 handlers)
[GIN-debug] [WARNING] You trusted all proxies, this is NOT safe. We recommend you to set a value.
Please check https://pkg.go.dev/github.com/gin-gonic/gin#readme-don-t-trust-all-proxies for details.
[GIN-debug] Listening and serving HTTP on :1111
[GIN] 2023/07/31 - 10:36:01 | 200 |  237.535286ms |             ::1 | GET      "/enterprises"
[GIN-debug] [WARNING] Creating an Engine instance with the Logger and Recovery middleware already attached.

[GIN-debug] [WARNING] Running in "debug" mode. Switch to "release" mode in production.
 - using env:	export GIN_MODE=release
 - using code:	gin.SetMode(gin.ReleaseMode)

[GIN-debug] GET    /                         --> eg_back/routes.PingPong (5 handlers)
[GIN-debug] GET    /enterprises              --> eg_back/pkg/controller.GetAllEnterprises (5 handlers)
[GIN-debug] [WARNING] You trusted all proxies, this is NOT safe. We recommend you to set a value.
Please check https://pkg.go.dev/github.com/gin-gonic/gin#readme-don-t-trust-all-proxies for details.
[GIN-debug] Listening and serving HTTP on :1111
[GIN] 2023/07/31 - 12:25:19 | 200 |  487.481292ms |             ::1 | GET      "/enterprises"
[GIN] 2023/07/31 - 12:25:56 | 200 |    245.1669ms |             ::1 | GET      "/enterprises"
[GIN-debug] [WARNING] Creating an Engine instance with the Logger and Recovery middleware already attached.

[GIN-debug] [WARNING] Running in "debug" mode. Switch to "release" mode in production.
 - using env:	export GIN_MODE=release
 - using code:	gin.SetMode(gin.ReleaseMode)

[GIN-debug] GET    /                         --> eg_back/routes.PingPong (5 handlers)
[GIN-debug] GET    /enterprises              --> eg_back/pkg/controller.GetAllEnterprises (5 handlers)
[GIN-debug] [WARNING] You trusted all proxies, this is NOT safe. We recommend you to set a value.
Please check https://pkg.go.dev/github.com/gin-gonic/gin#readme-don-t-trust-all-proxies for details.
[GIN-debug] Listening and serving HTTP on :1111
[GIN] 2023/07/31 - 12:57:05 | 200 |  481.228744ms |             ::1 | GET      "/enterprises?&_query=f"
[GIN] 2023/07/31 - 12:57:51 | 200 |  233.634736ms |             ::1 | GET      "/enterprises?_query=f"
[GIN-debug] [WARNING] Creating an Engine instance with the Logger and Recovery middleware already attached.

[GIN-debug] [WARNING] Running in "debug" mode. Switch to "release" mode in production.
 - using env:	export GIN_MODE=release
 - using code:	gin.SetMode(gin.ReleaseMode)

[GIN-debug] GET    /                         --> eg_back/routes.PingPong (5 handlers)
[GIN-debug] GET    /enterprises              --> eg_back/pkg/controller.GetAllEnterprises (5 handlers)
[GIN-debug] [WARNING] You trusted all proxies, this is NOT safe. We recommend you to set a value.
Please check https://pkg.go.dev/github.com/gin-gonic/gin#readme-don-t-trust-all-proxies for details.
[GIN-debug] Listening and serving HTTP on :1111
[GIN] 2023/07/31 - 12:58:24 | 200 |  825.062012ms |             ::1 | GET      "/enterprises?_query=f"
[GIN-debug] [WARNING] Creating an Engine instance with the Logger and Recovery middleware already attached.

[GIN-debug] [WARNING] Running in "debug" mode. Switch to "release" mode in production.
 - using env:	export GIN_MODE=release
 - using code:	gin.SetMode(gin.ReleaseMode)

[GIN-debug] GET    /                         --> eg_back/routes.PingPong (5 handlers)
[GIN-debug] GET    /enterprises              --> eg_back/pkg/controller.GetAllEnterprises (5 handlers)
[GIN-debug] [WARNING] You trusted all proxies, this is NOT safe. We recommend you to set a value.
Please check https://pkg.go.dev/github.com/gin-gonic/gin#readme-don-t-trust-all-proxies for details.
[GIN-debug] Listening and serving HTTP on :1111
[GIN] 2023/07/31 - 12:58:44 | 200 |  492.122836ms |             ::1 | GET      "/enterprises?_query=f"
[GIN-debug] [WARNING] Creating an Engine instance with the Logger and Recovery middleware already attached.

[GIN-debug] [WARNING] Running in "debug" mode. Switch to "release" mode in production.
 - using env:	export GIN_MODE=release
 - using code:	gin.SetMode(gin.ReleaseMode)

[GIN-debug] GET    /                         --> eg_back/routes.PingPong (5 handlers)
[GIN-debug] GET    /enterprises              --> eg_back/pkg/controller.GetAllEnterprises (5 handlers)
[GIN-debug] [WARNING] You trusted all proxies, this is NOT safe. We recommend you to set a value.
Please check https://pkg.go.dev/github.com/gin-gonic/gin#readme-don-t-trust-all-proxies for details.
[GIN-debug] Listening and serving HTTP on :1111
[GIN] 2023/07/31 - 12:59:19 | 500 |  377.698022ms |             ::1 | GET      "/enterprises?_query=f"
[GIN-debug] [WARNING] Creating an Engine instance with the Logger and Recovery middleware already attached.

[GIN-debug] [WARNING] Running in "debug" mode. Switch to "release" mode in production.
 - using env:	export GIN_MODE=release
 - using code:	gin.SetMode(gin.ReleaseMode)

[GIN-debug] GET    /                         --> eg_back/routes.PingPong (5 handlers)
[GIN-debug] GET    /enterprises              --> eg_back/pkg/controller.GetAllEnterprises (5 handlers)
[GIN-debug] [WARNING] You trusted all proxies, this is NOT safe. We recommend you to set a value.
Please check https://pkg.go.dev/github.com/gin-gonic/gin#readme-don-t-trust-all-proxies for details.
[GIN-debug] Listening and serving HTTP on :1111
[GIN] 2023/07/31 - 12:59:41 | 500 |  372.871121ms |             ::1 | GET      "/enterprises?_query=f"
[GIN-debug] [WARNING] Creating an Engine instance with the Logger and Recovery middleware already attached.

[GIN-debug] [WARNING] Running in "debug" mode. Switch to "release" mode in production.
 - using env:	export GIN_MODE=release
 - using code:	gin.SetMode(gin.ReleaseMode)

[GIN-debug] GET    /                         --> eg_back/routes.PingPong (5 handlers)
[GIN-debug] GET    /enterprises              --> eg_back/pkg/controller.GetAllEnterprises (5 handlers)
[GIN-debug] [WARNING] You trusted all proxies, this is NOT safe. We recommend you to set a value.
Please check https://pkg.go.dev/github.com/gin-gonic/gin#readme-don-t-trust-all-proxies for details.
[GIN-debug] Listening and serving HTTP on :1111
[GIN] 2023/07/31 - 13:00:08 | 500 |  381.448522ms |             ::1 | GET      "/enterprises?_query=f"
[GIN-debug] [WARNING] Creating an Engine instance with the Logger and Recovery middleware already attached.

[GIN-debug] [WARNING] Running in "debug" mode. Switch to "release" mode in production.
 - using env:	export GIN_MODE=release
 - using code:	gin.SetMode(gin.ReleaseMode)

[GIN-debug] GET    /                         --> eg_back/routes.PingPong (5 handlers)
[GIN-debug] GET    /enterprises              --> eg_back/pkg/controller.GetAllEnterprises (5 handlers)
[GIN-debug] [WARNING] You trusted all proxies, this is NOT safe. We recommend you to set a value.
Please check https://pkg.go.dev/github.com/gin-gonic/gin#readme-don-t-trust-all-proxies for details.
[GIN-debug] Listening and serving HTTP on :1111
[GIN] 2023/07/31 - 13:00:28 | 200 |  465.356386ms |             ::1 | GET      "/enterprises?_query=f"
[GIN] 2023/07/31 - 13:00:34 | 200 |  749.963832ms |             ::1 | GET      "/enterprises?_query=fs"
[GIN] 2023/07/31 - 13:00:38 | 200 |  466.339811ms |             ::1 | GET      "/enterprises?_query=fsd"
[GIN-debug] [WARNING] Creating an Engine instance with the Logger and Recovery middleware already attached.

[GIN-debug] [WARNING] Running in "debug" mode. Switch to "release" mode in production.
 - using env:	export GIN_MODE=release
 - using code:	gin.SetMode(gin.ReleaseMode)

[GIN-debug] GET    /                         --> eg_back/routes.PingPong (5 handlers)
[GIN-debug] GET    /enterprises              --> eg_back/pkg/controller.GetAllEnterprises (5 handlers)
[GIN-debug] [WARNING] You trusted all proxies, this is NOT safe. We recommend you to set a value.
Please check https://pkg.go.dev/github.com/gin-gonic/gin#readme-don-t-trust-all-proxies for details.
[GIN-debug] Listening and serving HTTP on :1111
[GIN] 2023/07/31 - 13:10:05 | 200 |  480.148842ms |             ::1 | GET      "/enterprises?_sort=name"
[GIN] 2023/07/31 - 13:10:14 | 200 |  239.373436ms |             ::1 | GET      "/enterprises?_limit=10&_page=1&_sort=name"
[GIN] 2023/07/31 - 13:10:29 | 200 |  235.955043ms |             ::1 | GET      "/enterprises?_limit=2&_page=1&_sort=name"
[GIN-debug] [WARNING] Creating an Engine instance with the Logger and Recovery middleware already attached.

[GIN-debug] [WARNING] Running in "debug" mode. Switch to "release" mode in production.
 - using env:	export GIN_MODE=release
 - using code:	gin.SetMode(gin.ReleaseMode)

[GIN-debug] GET    /                         --> eg_back/routes.PingPong (5 handlers)
[GIN-debug] GET    /enterprises              --> eg_back/pkg/controller.GetAllEnterprises (5 handlers)
[GIN-debug] [WARNING] You trusted all proxies, this is NOT safe. We recommend you to set a value.
Please check https://pkg.go.dev/github.com/gin-gonic/gin#readme-don-t-trust-all-proxies for details.
[GIN-debug] Listening and serving HTTP on :1111
[GIN] 2023/07/31 - 13:11:27 | 200 |  504.794217ms |             ::1 | GET      "/enterprises?_query=fsd&_limit=2&_page=1&_sort=name"
[GIN] 2023/07/31 - 13:11:49 | 200 |  250.258079ms |             ::1 | GET      "/enterprises?_query=fsd&_limit=2&_page=1&_sort=name"
[GIN-debug] [WARNING] Creating an Engine instance with the Logger and Recovery middleware already attached.

[GIN-debug] [WARNING] Running in "debug" mode. Switch to "release" mode in production.
 - using env:	export GIN_MODE=release
 - using code:	gin.SetMode(gin.ReleaseMode)

[GIN-debug] GET    /                         --> eg_back/routes.PingPong (5 handlers)
[GIN-debug] GET    /enterprises              --> eg_back/pkg/controller.GetAllEnterprises (5 handlers)
[GIN-debug] [WARNING] You trusted all proxies, this is NOT safe. We recommend you to set a value.
Please check https://pkg.go.dev/github.com/gin-gonic/gin#readme-don-t-trust-all-proxies for details.
[GIN-debug] Listening and serving HTTP on :1111
[GIN] 2023/07/31 - 13:12:21 | 200 |  500.911365ms |             ::1 | GET      "/enterprises?_query=fsd&_limit=2&_page=1&_sort=name"
[GIN] 2023/07/31 - 13:12:37 | 200 |  378.751566ms |             ::1 | GET      "/enterprises?_query=fsd&_limit=5&_page=1&_sort=name"
[GIN] 2023/07/31 - 13:12:44 | 200 |  363.242483ms |             ::1 | GET      "/enterprises?_query=fsd&_limit=5&_page=2&_sort=name"
[GIN-debug] [WARNING] Creating an Engine instance with the Logger and Recovery middleware already attached.

[GIN-debug] [WARNING] Running in "debug" mode. Switch to "release" mode in production.
 - using env:	export GIN_MODE=release
 - using code:	gin.SetMode(gin.ReleaseMode)

[GIN-debug] GET    /                         --> eg_back/routes.PingPong (5 handlers)
[GIN-debug] GET    /enterprises              --> eg_back/pkg/controller.GetAllEnterprises (5 handlers)
[GIN-debug] [WARNING] You trusted all proxies, this is NOT safe. We recommend you to set a value.
Please check https://pkg.go.dev/github.com/gin-gonic/gin#readme-don-t-trust-all-proxies for details.
[GIN-debug] Listening and serving HTTP on :1111
[GIN] 2023/07/31 - 13:38:07 | 200 |  867.106714ms |             ::1 | GET      "/enterprises?_query=fsd&_limit=-1&_page=2&_sort=name"
[GIN] 2023/07/31 - 13:38:15 | 200 |  372.205401ms |             ::1 | GET      "/enterprises?_limit=-1&_page=2"
[GIN-debug] [WARNING] Creating an Engine instance with the Logger and Recovery middleware already attached.

[GIN-debug] [WARNING] Running in "debug" mode. Switch to "release" mode in production.
 - using env:	export GIN_MODE=release
 - using code:	gin.SetMode(gin.ReleaseMode)

[GIN-debug] GET    /                         --> eg_back/routes.PingPong (5 handlers)
[GIN-debug] GET    /enterprises              --> eg_back/pkg/controller.GetAllEnterprises (5 handlers)
[GIN-debug] GET    /enterprises/:id          --> eg_back/pkg/controller.GetEnterpriseByID (5 handlers)
[GIN-debug] [WARNING] You trusted all proxies, this is NOT safe. We recommend you to set a value.
Please check https://pkg.go.dev/github.com/gin-gonic/gin#readme-don-t-trust-all-proxies for details.
[GIN-debug] Listening and serving HTTP on :1111
[GIN-debug] [WARNING] Creating an Engine instance with the Logger and Recovery middleware already attached.

[GIN-debug] [WARNING] Running in "debug" mode. Switch to "release" mode in production.
 - using env:	export GIN_MODE=release
 - using code:	gin.SetMode(gin.ReleaseMode)

[GIN-debug] GET    /                         --> eg_back/routes.PingPong (5 handlers)
[GIN-debug] GET    /enterprises              --> eg_back/pkg/controller.GetAllEnterprises (5 handlers)
[GIN-debug] GET    /enterprises/:id          --> eg_back/pkg/controller.GetEnterpriseByID (5 handlers)
[GIN-debug] [WARNING] You trusted all proxies, this is NOT safe. We recommend you to set a value.
Please check https://pkg.go.dev/github.com/gin-gonic/gin#readme-don-t-trust-all-proxies for details.
[GIN-debug] Listening and serving HTTP on :1111
[GIN-debug] [WARNING] Creating an Engine instance with the Logger and Recovery middleware already attached.

[GIN-debug] [WARNING] Running in "debug" mode. Switch to "release" mode in production.
 - using env:	export GIN_MODE=release
 - using code:	gin.SetMode(gin.ReleaseMode)

[GIN-debug] GET    /                         --> eg_back/routes.PingPong (5 handlers)
[GIN-debug] GET    /enterprises              --> eg_back/pkg/controller.GetAllEnterprises (5 handlers)
[GIN-debug] GET    /enterprises/:id          --> eg_back/pkg/controller.GetEnterpriseByID (5 handlers)
[GIN-debug] [WARNING] You trusted all proxies, this is NOT safe. We recommend you to set a value.
Please check https://pkg.go.dev/github.com/gin-gonic/gin#readme-don-t-trust-all-proxies for details.
[GIN-debug] Listening and serving HTTP on :1111
[GIN] 2023/07/31 - 14:10:18 | 200 |  254.766857ms |             ::1 | GET      "/enterprises/1"
[GIN] 2023/07/31 - 14:10:22 | 200 |  124.138912ms |             ::1 | GET      "/enterprises/5"
